[01-Mar-2026 15:48:13 Europe/Rome] Warning: Undefined array key "table_name" in ~/includes/modules/jobs/job_mysql_optimizer.inc.php on line 39
 → ~/includes/library/lib_database.inc.php on line 548 in {closure}()
 → ~/includes/modules/jobs/job_mysql_optimizer.inc.php on line 38 in each()
 → ~/includes/modules/mod_jobs.inc.php on line 38 in process()
 → ~/pages/push_jobs.inc.php on line 25 in process()
 → ~/includes/library/lib_route.inc.php on line 122 in include()
 → ~/index.php on line 55 in process()
Request: GET /it/push_jobs HTTP/1.1
Host: cralaps.it
Client: 162.158.116.162 (162.158.116.162)
User Agent: Wget/1.21.4
Elapsed Time: 329 ms
Platform: LiteCart/2.6.3

[01-Mar-2026 15:48:13 Europe/Rome] Warning: Undefined array key "table_name" in ~/includes/modules/jobs/job_mysql_optimizer.inc.php on line 40
 → ~/includes/library/lib_database.inc.php on line 548 in {closure}()
 → ~/includes/modules/jobs/job_mysql_optimizer.inc.php on line 38 in each()
 → ~/includes/modules/mod_jobs.inc.php on line 38 in process()
 → ~/pages/push_jobs.inc.php on line 25 in process()
 → ~/includes/library/lib_route.inc.php on line 122 in include()
 → ~/index.php on line 55 in process()
Request: GET /it/push_jobs HTTP/1.1
Host: cralaps.it
Client: 162.158.116.162 (162.158.116.162)
User Agent: Wget/1.21.4
Elapsed Time: 330 ms
Platform: LiteCart/2.6.3

[01-Mar-2026 15:48:13 Europe/Rome] Fatal error: 1064 - You have an error in your SQL syntax; check the manual that corresponds to your MySQL server version for the right syntax to use near '' at line 1
optimize table ;
 in ~/includes/library/lib_database.inc.php on line 199
 → ~/includes/library/lib_database.inc.php on line 548 in {closure}()
 → ~/includes/modules/jobs/job_mysql_optimizer.inc.php on line 38 in each()
 → ~/includes/modules/mod_jobs.inc.php on line 38 in process()
 → ~/pages/push_jobs.inc.php on line 25 in process()
 → ~/includes/library/lib_route.inc.php on line 122 in include()
 → ~/index.php on line 55 in process()
Request: GET /it/push_jobs HTTP/1.1
Host: cralaps.it
Client: 162.158.116.162 (162.158.116.162)
User Agent: Wget/1.21.4
Elapsed Time: 332 ms
Platform: LiteCart/2.6.3

[01-Mar-2026 16:06:02 Europe/Rome] Warning: Undefined array key "table_name" in ~/includes/modules/jobs/job_mysql_optimizer.inc.php on line 39
 → ~/includes/library/lib_database.inc.php on line 548 in {closure}()
 → ~/includes/modules/jobs/job_mysql_optimizer.inc.php on line 38 in each()
 → ~/includes/modules/mod_jobs.inc.php on line 38 in process()
 → ~/pages/push_jobs.inc.php on line 25 in process()
 → ~/includes/library/lib_route.inc.php on line 122 in include()
 → ~/index.php on line 55 in process()
Request: GET /it/push_jobs HTTP/1.1
Host: cralaps.it
Client: 162.158.116.163 (162.158.116.163)
User Agent: Wget/1.21.4
Elapsed Time: 35 ms
Platform: LiteCart/2.6.3

[01-Mar-2026 16:06:02 Europe/Rome] Warning: Undefined array key "table_name" in ~/includes/modules/jobs/job_mysql_optimizer.inc.php on line 40
 → ~/includes/library/lib_database.inc.php on line 548 in {closure}()
 → ~/includes/modules/jobs/job_mysql_optimizer.inc.php on line 38 in each()
 → ~/includes/modules/mod_jobs.inc.php on line 38 in process()
 → ~/pages/push_jobs.inc.php on line 25 in process()
 → ~/includes/library/lib_route.inc.php on line 122 in include()
 → ~/index.php on line 55 in process()
Request: GET /it/push_jobs HTTP/1.1
Host: cralaps.it
Client: 162.158.116.163 (162.158.116.163)
User Agent: Wget/1.21.4
Elapsed Time: 37 ms
Platform: LiteCart/2.6.3

[01-Mar-2026 16:06:02 Europe/Rome] Fatal error: 1064 - You have an error in your SQL syntax; check the manual that corresponds to your MySQL server version for the right syntax to use near '' at line 1
optimize table ;
 in ~/includes/library/lib_database.inc.php on line 199
 → ~/includes/library/lib_database.inc.php on line 548 in {closure}()
 → ~/includes/modules/jobs/job_mysql_optimizer.inc.php on line 38 in each()
 → ~/includes/modules/mod_jobs.inc.php on line 38 in process()
 → ~/pages/push_jobs.inc.php on line 25 in process()
 → ~/includes/library/lib_route.inc.php on line 122 in include()
 → ~/index.php on line 55 in process()
Request: GET /it/push_jobs HTTP/1.1
Host: cralaps.it
Client: 162.158.116.163 (162.158.116.163)
User Agent: Wget/1.21.4
Elapsed Time: 40 ms
Platform: LiteCart/2.6.3

[01-Mar-2026 17:11:54 Europe/Rome] Warning: Undefined array key "table_name" in ~/includes/modules/jobs/job_mysql_optimizer.inc.php on line 39
 → ~/includes/library/lib_database.inc.php on line 548 in {closure}()
 → ~/includes/modules/jobs/job_mysql_optimizer.inc.php on line 38 in each()
 → ~/includes/modules/mod_jobs.inc.php on line 38 in process()
 → ~/pages/push_jobs.inc.php on line 25 in process()
 → ~/includes/library/lib_route.inc.php on line 122 in include()
 → ~/index.php on line 55 in process()
Request: GET /it/push_jobs HTTP/1.1
Host: cralaps.it
Client: 162.158.116.163 (162.158.116.163)
User Agent: Wget/1.21.4
Elapsed Time: 44 ms
Platform: LiteCart/2.6.3

[01-Mar-2026 17:11:54 Europe/Rome] Warning: Undefined array key "table_name" in ~/includes/modules/jobs/job_mysql_optimizer.inc.php on line 40
 → ~/includes/library/lib_database.inc.php on line 548 in {closure}()
 → ~/includes/modules/jobs/job_mysql_optimizer.inc.php on line 38 in each()
 → ~/includes/modules/mod_jobs.inc.php on line 38 in process()
 → ~/pages/push_jobs.inc.php on line 25 in process()
 → ~/includes/library/lib_route.inc.php on line 122 in include()
 → ~/index.php on line 55 in process()
Request: GET /it/push_jobs HTTP/1.1
Host: cralaps.it
Client: 162.158.116.163 (162.158.116.163)
User Agent: Wget/1.21.4
Elapsed Time: 46 ms
Platform: LiteCart/2.6.3

[01-Mar-2026 17:11:54 Europe/Rome] Fatal error: 1064 - You have an error in your SQL syntax; check the manual that corresponds to your MySQL server version for the right syntax to use near '' at line 1
optimize table ;
 in ~/includes/library/lib_database.inc.php on line 199
 → ~/includes/library/lib_database.inc.php on line 548 in {closure}()
 → ~/includes/modules/jobs/job_mysql_optimizer.inc.php on line 38 in each()
 → ~/includes/modules/mod_jobs.inc.php on line 38 in process()
 → ~/pages/push_jobs.inc.php on line 25 in process()
 → ~/includes/library/lib_route.inc.php on line 122 in include()
 → ~/index.php on line 55 in process()
Request: GET /it/push_jobs HTTP/1.1
Host: cralaps.it
Client: 162.158.116.163 (162.158.116.163)
User Agent: Wget/1.21.4
Elapsed Time: 49 ms
Platform: LiteCart/2.6.3

[01-Mar-2026 18:08:42 Europe/Rome] Warning: Undefined array key "table_name" in ~/includes/modules/jobs/job_mysql_optimizer.inc.php on line 39
 → ~/includes/library/lib_database.inc.php on line 548 in {closure}()
 → ~/includes/modules/jobs/job_mysql_optimizer.inc.php on line 38 in each()
 → ~/includes/modules/mod_jobs.inc.php on line 38 in process()
 → ~/pages/push_jobs.inc.php on line 25 in process()
 → ~/includes/library/lib_route.inc.php on line 122 in include()
 → ~/index.php on line 55 in process()
Request: GET /it/push_jobs HTTP/1.1
Host: cralaps.it
Client: 162.158.116.163 (162.158.116.163)
User Agent: Wget/1.21.4
Elapsed Time: 49 ms
Platform: LiteCart/2.6.3

[01-Mar-2026 18:08:42 Europe/Rome] Warning: Undefined array key "table_name" in ~/includes/modules/jobs/job_mysql_optimizer.inc.php on line 40
 → ~/includes/library/lib_database.inc.php on line 548 in {closure}()
 → ~/includes/modules/jobs/job_mysql_optimizer.inc.php on line 38 in each()
 → ~/includes/modules/mod_jobs.inc.php on line 38 in process()
 → ~/pages/push_jobs.inc.php on line 25 in process()
 → ~/includes/library/lib_route.inc.php on line 122 in include()
 → ~/index.php on line 55 in process()
Request: GET /it/push_jobs HTTP/1.1
Host: cralaps.it
Client: 162.158.116.163 (162.158.116.163)
User Agent: Wget/1.21.4
Elapsed Time: 51 ms
Platform: LiteCart/2.6.3

[01-Mar-2026 18:08:42 Europe/Rome] Fatal error: 1064 - You have an error in your SQL syntax; check the manual that corresponds to your MySQL server version for the right syntax to use near '' at line 1
optimize table ;
 in ~/includes/library/lib_database.inc.php on line 199
 → ~/includes/library/lib_database.inc.php on line 548 in {closure}()
 → ~/includes/modules/jobs/job_mysql_optimizer.inc.php on line 38 in each()
 → ~/includes/modules/mod_jobs.inc.php on line 38 in process()
 → ~/pages/push_jobs.inc.php on line 25 in process()
 → ~/includes/library/lib_route.inc.php on line 122 in include()
 → ~/index.php on line 55 in process()
Request: GET /it/push_jobs HTTP/1.1
Host: cralaps.it
Client: 162.158.116.163 (162.158.116.163)
User Agent: Wget/1.21.4
Elapsed Time: 53 ms
Platform: LiteCart/2.6.3

[01-Mar-2026 19:05:53 Europe/Rome] Warning: Undefined array key "table_name" in ~/includes/modules/jobs/job_mysql_optimizer.inc.php on line 39
 → ~/includes/library/lib_database.inc.php on line 548 in {closure}()
 → ~/includes/modules/jobs/job_mysql_optimizer.inc.php on line 38 in each()
 → ~/includes/modules/mod_jobs.inc.php on line 38 in process()
 → ~/pages/push_jobs.inc.php on line 25 in process()
 → ~/includes/library/lib_route.inc.php on line 122 in include()
 → ~/index.php on line 55 in process()
Request: GET /it/push_jobs HTTP/1.1
Host: www.cralaps.it
Client: 94.177.160.118 (host118-160-177-94.serverdedicati.aruba.it)
User Agent: Wget/1.21.4
Elapsed Time: 38 ms
Platform: LiteCart/2.6.3

[01-Mar-2026 19:05:53 Europe/Rome] Warning: Undefined array key "table_name" in ~/includes/modules/jobs/job_mysql_optimizer.inc.php on line 40
 → ~/includes/library/lib_database.inc.php on line 548 in {closure}()
 → ~/includes/modules/jobs/job_mysql_optimizer.inc.php on line 38 in each()
 → ~/includes/modules/mod_jobs.inc.php on line 38 in process()
 → ~/pages/push_jobs.inc.php on line 25 in process()
 → ~/includes/library/lib_route.inc.php on line 122 in include()
 → ~/index.php on line 55 in process()
Request: GET /it/push_jobs HTTP/1.1
Host: www.cralaps.it
Client: 94.177.160.118 (host118-160-177-94.serverdedicati.aruba.it)
User Agent: Wget/1.21.4
Elapsed Time: 39 ms
Platform: LiteCart/2.6.3

[01-Mar-2026 19:05:53 Europe/Rome] Fatal error: 1064 - You have an error in your SQL syntax; check the manual that corresponds to your MySQL server version for the right syntax to use near '' at line 1
optimize table ;
 in ~/includes/library/lib_database.inc.php on line 199
 → ~/includes/library/lib_database.inc.php on line 548 in {closure}()
 → ~/includes/modules/jobs/job_mysql_optimizer.inc.php on line 38 in each()
 → ~/includes/modules/mod_jobs.inc.php on line 38 in process()
 → ~/pages/push_jobs.inc.php on line 25 in process()
 → ~/includes/library/lib_route.inc.php on line 122 in include()
 → ~/index.php on line 55 in process()
Request: GET /it/push_jobs HTTP/1.1
Host: www.cralaps.it
Client: 94.177.160.118 (host118-160-177-94.serverdedicati.aruba.it)
User Agent: Wget/1.21.4
Elapsed Time: 40 ms
Platform: LiteCart/2.6.3

[01-Mar-2026 21:46:15 Europe/Rome] Warning: Undefined array key "table_name" in ~/includes/modules/jobs/job_mysql_optimizer.inc.php on line 39
 → ~/includes/library/lib_database.inc.php on line 548 in {closure}()
 → ~/includes/modules/jobs/job_mysql_optimizer.inc.php on line 38 in each()
 → ~/includes/modules/mod_jobs.inc.php on line 38 in process()
 → ~/pages/push_jobs.inc.php on line 25 in process()
 → ~/includes/library/lib_route.inc.php on line 122 in include()
 → ~/index.php on line 55 in process()
Request: GET /it/push_jobs HTTP/1.1
Host: cralaps.it
Client: 162.158.116.163 (162.158.116.163)
User Agent: Wget/1.21.4
Elapsed Time: 51 ms
Platform: LiteCart/2.6.3

[01-Mar-2026 21:46:15 Europe/Rome] Warning: Undefined array key "table_name" in ~/includes/modules/jobs/job_mysql_optimizer.inc.php on line 40
 → ~/includes/library/lib_database.inc.php on line 548 in {closure}()
 → ~/includes/modules/jobs/job_mysql_optimizer.inc.php on line 38 in each()
 → ~/includes/modules/mod_jobs.inc.php on line 38 in process()
 → ~/pages/push_jobs.inc.php on line 25 in process()
 → ~/includes/library/lib_route.inc.php on line 122 in include()
 → ~/index.php on line 55 in process()
Request: GET /it/push_jobs HTTP/1.1
Host: cralaps.it
Client: 162.158.116.163 (162.158.116.163)
User Agent: Wget/1.21.4
Elapsed Time: 54 ms
Platform: LiteCart/2.6.3

[01-Mar-2026 21:46:15 Europe/Rome] Fatal error: 1064 - You have an error in your SQL syntax; check the manual that corresponds to your MySQL server version for the right syntax to use near '' at line 1
optimize table ;
 in ~/includes/library/lib_database.inc.php on line 199
 → ~/includes/library/lib_database.inc.php on line 548 in {closure}()
 → ~/includes/modules/jobs/job_mysql_optimizer.inc.php on line 38 in each()
 → ~/includes/modules/mod_jobs.inc.php on line 38 in process()
 → ~/pages/push_jobs.inc.php on line 25 in process()
 → ~/includes/library/lib_route.inc.php on line 122 in include()
 → ~/index.php on line 55 in process()
Request: GET /it/push_jobs HTTP/1.1
Host: cralaps.it
Client: 162.158.116.163 (162.158.116.163)
User Agent: Wget/1.21.4
Elapsed Time: 55 ms
Platform: LiteCart/2.6.3

[01-Mar-2026 22:01:02 Europe/Rome] Warning: Undefined array key "table_name" in ~/includes/modules/jobs/job_mysql_optimizer.inc.php on line 39
 → ~/includes/library/lib_database.inc.php on line 548 in {closure}()
 → ~/includes/modules/jobs/job_mysql_optimizer.inc.php on line 38 in each()
 → ~/includes/modules/mod_jobs.inc.php on line 38 in process()
 → ~/pages/push_jobs.inc.php on line 25 in process()
 → ~/includes/library/lib_route.inc.php on line 122 in include()
 → ~/index.php on line 55 in process()
Request: GET /it/push_jobs HTTP/1.1
Host: cralaps.it
Client: 162.158.116.163 (162.158.116.163)
User Agent: Wget/1.21.4
Elapsed Time: 55 ms
Platform: LiteCart/2.6.3

[01-Mar-2026 22:01:02 Europe/Rome] Warning: Undefined array key "table_name" in ~/includes/modules/jobs/job_mysql_optimizer.inc.php on line 40
 → ~/includes/library/lib_database.inc.php on line 548 in {closure}()
 → ~/includes/modules/jobs/job_mysql_optimizer.inc.php on line 38 in each()
 → ~/includes/modules/mod_jobs.inc.php on line 38 in process()
 → ~/pages/push_jobs.inc.php on line 25 in process()
 → ~/includes/library/lib_route.inc.php on line 122 in include()
 → ~/index.php on line 55 in process()
Request: GET /it/push_jobs HTTP/1.1
Host: cralaps.it
Client: 162.158.116.163 (162.158.116.163)
User Agent: Wget/1.21.4
Elapsed Time: 57 ms
Platform: LiteCart/2.6.3

[01-Mar-2026 22:01:02 Europe/Rome] Fatal error: 1064 - You have an error in your SQL syntax; check the manual that corresponds to your MySQL server version for the right syntax to use near '' at line 1
optimize table ;
 in ~/includes/library/lib_database.inc.php on line 199
 → ~/includes/library/lib_database.inc.php on line 548 in {closure}()
 → ~/includes/modules/jobs/job_mysql_optimizer.inc.php on line 38 in each()
 → ~/includes/modules/mod_jobs.inc.php on line 38 in process()
 → ~/pages/push_jobs.inc.php on line 25 in process()
 → ~/includes/library/lib_route.inc.php on line 122 in include()
 → ~/index.php on line 55 in process()
Request: GET /it/push_jobs HTTP/1.1
Host: cralaps.it
Client: 162.158.116.163 (162.158.116.163)
User Agent: Wget/1.21.4
Elapsed Time: 59 ms
Platform: LiteCart/2.6.3

[01-Mar-2026 23:13:05 Europe/Rome] Warning: Undefined array key "table_name" in ~/includes/modules/jobs/job_mysql_optimizer.inc.php on line 39
 → ~/includes/library/lib_database.inc.php on line 548 in {closure}()
 → ~/includes/modules/jobs/job_mysql_optimizer.inc.php on line 38 in each()
 → ~/includes/modules/mod_jobs.inc.php on line 38 in process()
 → ~/pages/push_jobs.inc.php on line 25 in process()
 → ~/includes/library/lib_route.inc.php on line 122 in include()
 → ~/index.php on line 55 in process()
Request: GET /it/push_jobs HTTP/1.1
Host: cralaps.it
Client: 162.158.116.163 (162.158.116.163)
User Agent: Wget/1.21.4
Elapsed Time: 49 ms
Platform: LiteCart/2.6.3

[01-Mar-2026 23:13:05 Europe/Rome] Warning: Undefined array key "table_name" in ~/includes/modules/jobs/job_mysql_optimizer.inc.php on line 40
 → ~/includes/library/lib_database.inc.php on line 548 in {closure}()
 → ~/includes/modules/jobs/job_mysql_optimizer.inc.php on line 38 in each()
 → ~/includes/modules/mod_jobs.inc.php on line 38 in process()
 → ~/pages/push_jobs.inc.php on line 25 in process()
 → ~/includes/library/lib_route.inc.php on line 122 in include()
 → ~/index.php on line 55 in process()
Request: GET /it/push_jobs HTTP/1.1
Host: cralaps.it
Client: 162.158.116.163 (162.158.116.163)
User Agent: Wget/1.21.4
Elapsed Time: 50 ms
Platform: LiteCart/2.6.3

[01-Mar-2026 23:13:05 Europe/Rome] Fatal error: 1064 - You have an error in your SQL syntax; check the manual that corresponds to your MySQL server version for the right syntax to use near '' at line 1
optimize table ;
 in ~/includes/library/lib_database.inc.php on line 199
 → ~/includes/library/lib_database.inc.php on line 548 in {closure}()
 → ~/includes/modules/jobs/job_mysql_optimizer.inc.php on line 38 in each()
 → ~/includes/modules/mod_jobs.inc.php on line 38 in process()
 → ~/pages/push_jobs.inc.php on line 25 in process()
 → ~/includes/library/lib_route.inc.php on line 122 in include()
 → ~/index.php on line 55 in process()
Request: GET /it/push_jobs HTTP/1.1
Host: cralaps.it
Client: 162.158.116.163 (162.158.116.163)
User Agent: Wget/1.21.4
Elapsed Time: 52 ms
Platform: LiteCart/2.6.3

[02-Mar-2026 00:06:17 Europe/Rome] Warning: Undefined array key "table_name" in ~/includes/modules/jobs/job_mysql_optimizer.inc.php on line 39
 → ~/includes/library/lib_database.inc.php on line 548 in {closure}()
 → ~/includes/modules/jobs/job_mysql_optimizer.inc.php on line 38 in each()
 → ~/includes/modules/mod_jobs.inc.php on line 38 in process()
 → ~/pages/push_jobs.inc.php on line 25 in process()
 → ~/includes/library/lib_route.inc.php on line 122 in include()
 → ~/index.php on line 55 in process()
Request: GET /it/push_jobs HTTP/1.1
Host: www.cralaps.it
Client: 94.177.160.118 (host118-160-177-94.serverdedicati.aruba.it)
User Agent: Wget/1.21.4
Elapsed Time: 28 ms
Platform: LiteCart/2.6.3

[02-Mar-2026 00:06:17 Europe/Rome] Warning: Undefined array key "table_name" in ~/includes/modules/jobs/job_mysql_optimizer.inc.php on line 40
 → ~/includes/library/lib_database.inc.php on line 548 in {closure}()
 → ~/includes/modules/jobs/job_mysql_optimizer.inc.php on line 38 in each()
 → ~/includes/modules/mod_jobs.inc.php on line 38 in process()
 → ~/pages/push_jobs.inc.php on line 25 in process()
 → ~/includes/library/lib_route.inc.php on line 122 in include()
 → ~/index.php on line 55 in process()
Request: GET /it/push_jobs HTTP/1.1
Host: www.cralaps.it
Client: 94.177.160.118 (host118-160-177-94.serverdedicati.aruba.it)
User Agent: Wget/1.21.4
Elapsed Time: 28 ms
Platform: LiteCart/2.6.3

[02-Mar-2026 00:06:17 Europe/Rome] Fatal error: 1064 - You have an error in your SQL syntax; check the manual that corresponds to your MySQL server version for the right syntax to use near '' at line 1
optimize table ;
 in ~/includes/library/lib_database.inc.php on line 199
 → ~/includes/library/lib_database.inc.php on line 548 in {closure}()
 → ~/includes/modules/jobs/job_mysql_optimizer.inc.php on line 38 in each()
 → ~/includes/modules/mod_jobs.inc.php on line 38 in process()
 → ~/pages/push_jobs.inc.php on line 25 in process()
 → ~/includes/library/lib_route.inc.php on line 122 in include()
 → ~/index.php on line 55 in process()
Request: GET /it/push_jobs HTTP/1.1
Host: www.cralaps.it
Client: 94.177.160.118 (host118-160-177-94.serverdedicati.aruba.it)
User Agent: Wget/1.21.4
Elapsed Time: 29 ms
Platform: LiteCart/2.6.3

[02-Mar-2026 00:34:57 Europe/Rome] Warning: include(/home/ubuntu/app/dda/includes/boxes/box_newsletter_subscribe.inc.php): Failed to open stream: No such file or directory in ~/includes/templates/default.catalog/pages/index.inc.php on line 17
 → ~/includes/templates/default.catalog/pages/index.inc.php on line 17 in include()
 → ~/includes/entities/ent_view.inc.php on line 28 in include()
 → ~/includes/entities/ent_view.inc.php on line 33 in {closure}()
 → ~/pages/index.inc.php on line 12 in stitch()
 → ~/includes/library/lib_route.inc.php on line 122 in include()
 → ~/index.php on line 55 in process()
Request: GET /it/ HTTP/1.1
Host: cralaps.it
Client: 172.70.216.108 (172.70.216.108)
User Agent: Mozilla/5.0 (Windows NT 10.0; Win64; x64) AppleWebKit/537.36 (KHTML, like Gecko) Chrome/145.0.0.0 Safari/537.36
Elapsed Time: 45 ms
Platform: LiteCart/2.6.3

[02-Mar-2026 00:34:57 Europe/Rome] Warning: include(): Failed opening '/home/ubuntu/app/dda/includes/boxes/box_newsletter_subscribe.inc.php' for inclusion (include_path='.:/usr/share/php') in ~/includes/templates/default.catalog/pages/index.inc.php on line 17
 → ~/includes/templates/default.catalog/pages/index.inc.php on line 17 in include()
 → ~/includes/entities/ent_view.inc.php on line 28 in include()
 → ~/includes/entities/ent_view.inc.php on line 33 in {closure}()
 → ~/pages/index.inc.php on line 12 in stitch()
 → ~/includes/library/lib_route.inc.php on line 122 in include()
 → ~/index.php on line 55 in process()
Request: GET /it/ HTTP/1.1
Host: cralaps.it
Client: 172.70.216.108 (172.70.216.108)
User Agent: Mozilla/5.0 (Windows NT 10.0; Win64; x64) AppleWebKit/537.36 (KHTML, like Gecko) Chrome/145.0.0.0 Safari/537.36
Elapsed Time: 47 ms
Platform: LiteCart/2.6.3

[02-Mar-2026 00:35:04 Europe/Rome] Warning: include(/home/ubuntu/app/dda/includes/boxes/box_newsletter_subscribe.inc.php): Failed to open stream: No such file or directory in ~/includes/templates/default.catalog/pages/index.inc.php on line 17
 → ~/includes/templates/default.catalog/pages/index.inc.php on line 17 in include()
 → ~/includes/entities/ent_view.inc.php on line 28 in include()
 → ~/includes/entities/ent_view.inc.php on line 33 in {closure}()
 → ~/pages/index.inc.php on line 12 in stitch()
 → ~/includes/library/lib_route.inc.php on line 122 in include()
 → ~/index.php on line 55 in process()
Request: GET /it/ HTTP/1.1
Host: www.cralaps.it
Client: 81.56.12.58 (gra94-2_migr-81-56-12-58.fbx.proxad.net)
User Agent: Mozilla/5.0 (Windows NT 10.0; Win64; x64) AppleWebKit/537.36 (KHTML, like Gecko) Chrome/145.0.0.0 Safari/537.36
Elapsed Time: 82 ms
Platform: LiteCart/2.6.3

[02-Mar-2026 00:35:04 Europe/Rome] Warning: include(): Failed opening '/home/ubuntu/app/dda/includes/boxes/box_newsletter_subscribe.inc.php' for inclusion (include_path='.:/usr/share/php') in ~/includes/templates/default.catalog/pages/index.inc.php on line 17
 → ~/includes/templates/default.catalog/pages/index.inc.php on line 17 in include()
 → ~/includes/entities/ent_view.inc.php on line 28 in include()
 → ~/includes/entities/ent_view.inc.php on line 33 in {closure}()
 → ~/pages/index.inc.php on line 12 in stitch()
 → ~/includes/library/lib_route.inc.php on line 122 in include()
 → ~/index.php on line 55 in process()
Request: GET /it/ HTTP/1.1
Host: www.cralaps.it
Client: 81.56.12.58 (gra94-2_migr-81-56-12-58.fbx.proxad.net)
User Agent: Mozilla/5.0 (Windows NT 10.0; Win64; x64) AppleWebKit/537.36 (KHTML, like Gecko) Chrome/145.0.0.0 Safari/537.36
Elapsed Time: 83 ms
Platform: LiteCart/2.6.3

