## [2026-03-02 00:06:35] Request #######################################

GET /feeds/discussions.rss HTTP/1.1
Host: www.litecart.net
User-Agent: LiteCart/2.6.3
Content-Length: 0
Connection: Close



## [2026-03-02 00:06:35] Response — 9721 bytes transferred in 0.338 s ##

HTTP/1.1 200 OK
Date: Sun, 01 Mar 2026 23:06:35 GMT
Content-Type: application/rss+xml; charset=utf-8
Transfer-Encoding: chunked
Connection: close
Server: cloudflare
Set-Cookie: PHPSESSID=oto2icn5ro6coh3670crcfq10m; path=/
expires: Thu, 19 Nov 1981 08:52:00 GMT
Cache-Control: no-store, no-cache, must-revalidate
pragma: no-cache
access-control-allow-origin: https://www.litecart.net/en/
x-frame-options: SAMEORIGIN
x-frame-options: SAMEORIGIN
x-powered-by: LiteCart.net
content-security-policy: frame-ancestors 'self'
x-content-type-options: nosniff
x-xss-protection: 1; mode=block
referrer-policy: strict-origin-when-cross-origin
permissions-policy: geolocation=(), microphone=(), camera=()
strict-transport-security: max-age=31536000; includeSubDomains
cf-cache-status: DYNAMIC
Nel: {"report_to":"cf-nel","success_fraction":0.0,"max_age":604800}
Report-To: {"group":"cf-nel","max_age":604800,"endpoints":[{"url":"https://a.nel.cloudflare.com/report/v4?s=6QXO7XSa1OvMve8cd4jDU2JD4pNNHsnCFOXF%2BhYG1ulCTebttjiw0NT7lAuhNVeqyzOM3zBFvYdHm3zPgsqUcDIP9dVM0Eg4qyG0cFvO"}]}
CF-RAY: 9d5bd021fe0dea4e-FCO
alt-svc: h3=":443"; ma=86400

<?xml version="1.0" encoding="utf-8" ?>
<rss version="2.0">
  <channel>
    <title>LiteCart Forum Discussions</title>
    <link>https://www.litecart.net/forums/index</link>
    <description>The most recent forum activity.</description>
    <language>en</language>
    <item>
      <category><![CDATA[Templates and CSS]]></category>
      <title><![CDATA[Catalog with filters and pagination on homepage]]></title>
      <link>https://www.litecart.net/en/forums/12/templates-and-css/24577/catalog-with-filters-and-pagination-on-homepage</link>
      <description></description>
      <author><![CDATA[zapros]]></author>
      <pubDate>Sat, 28 Feb 2026 11:10:14 +0000</pubDate>
    </item>
    <item>
      <category><![CDATA[Errors and Troubleshooting]]></category>
      <title><![CDATA[Error Log without errors in the shop]]></title>
      <link>https://www.litecart.net/en/forums/15/errors-and-troubleshooting/24562/error-log-without-errors-in-the-shop</link>
      <description></description>
      <author><![CDATA[rowi]]></author>
      <pubDate>Sat, 28 Feb 2026 08:48:52 +0000</pubDate>
    </item>
    <item>
      <category><![CDATA[This Website]]></category>
      <title><![CDATA[Layout and style update looking good!]]></title>
      <link>https://www.litecart.net/en/forums/1/this-website/24505/layout-and-style-update-looking-good</link>
      <description></description>
      <author><![CDATA[johnny_v]]></author>
      <pubDate>Thu, 26 Feb 2026 20:41:04 +0000</pubDate>
    </item>
    <item>
      <category><![CDATA[Add-ons]]></category>
      <title><![CDATA[I have two questions.]]></title>
      <link>https://www.litecart.net/en/forums/7/add-ons/23689/i-have-two-questions</link>
      <description></description>
      <author><![CDATA[bchanthorn]]></author>
      <pubDate>Sat, 21 Feb 2026 00:26:47 +0000</pubDate>
    </item>
    <item>
      <category><![CDATA[Add-ons]]></category>
      <title><![CDATA[Installation directory unclear and DB table not defined]]></title>
      <link>https://www.litecart.net/en/forums/7/add-ons/24545/installation-directory-unclear-and-db-table-not-defined</link>
      <description></description>
      <author><![CDATA[averlon]]></author>
      <pubDate>Sat, 21 Feb 2026 00:25:11 +0000</pubDate>
    </item>
    <item>
      <category><![CDATA[Templates and CSS]]></category>
      <title><![CDATA[How to disable regional settings selector in header?]]></title>
      <link>https://www.litecart.net/en/forums/12/templates-and-css/24563/how-to-disable-regional-settings-selector-in-header</link>
      <description></description>
      <author><![CDATA[zapros]]></author>
      <pubDate>Thu, 19 Feb 2026 18:28:55 +0000</pubDate>
    </item>
    <item>
      <category><![CDATA[Templates and CSS]]></category>
      <title><![CDATA[LiteCart 2.6.3 — Catalog with filters & pagination on homepage]]></title>
      <link>https://www.litecart.net/en/forums/12/templates-and-css/24574/litecart-263-—-catalog-with-filters-pagination-on-homepage</link>
      <description></description>
      <author><![CDATA[zapros]]></author>
      <pubDate>Thu, 19 Feb 2026 11:31:39 +0000</pubDate>
    </item>
    <item>
      <category><![CDATA[Installation and Configuration]]></category>
      <title><![CDATA[Shows 2 pries on the site]]></title>
      <link>https://www.litecart.net/en/forums/3/installation-and-configuration/24490/shows-2-pries-on-the-site</link>
      <description></description>
      <author><![CDATA[vladislaw]]></author>
      <pubDate>Thu, 19 Feb 2026 09:31:00 +0000</pubDate>
    </item>
    <item>
      <category><![CDATA[Templates and CSS]]></category>
      <title><![CDATA[LiteCart 2.6.3 — Catalog with filters & pagination on homepage]]></title>
      <link>https://www.litecart.net/en/forums/12/templates-and-css/24567/litecart-263-—-catalog-with-filters-pagination-on-homepage</link>
      <description></description>
      <author><![CDATA[zapros]]></author>
      <pubDate>Thu, 19 Feb 2026 05:09:02 +0000</pubDate>
    </item>
    <item>
      <category><![CDATA[Errors and Troubleshooting]]></category>
      <title><![CDATA[vMod is not showing all files to edit]]></title>
      <link>https://www.litecart.net/en/forums/15/errors-and-troubleshooting/24561/vmod-is-not-showing-all-files-to-edit</link>
      <description></description>
      <author><![CDATA[stefanpws]]></author>
      <pubDate>Sat, 14 Feb 2026 22:46:49 +0000</pubDate>
    </item>
    <item>
      <category><![CDATA[Add-ons]]></category>
      <title><![CDATA[Automatically apply discont for user]]></title>
      <link>https://www.litecart.net/en/forums/7/add-ons/24556/automatically-apply-discont-for-user</link>
      <description></description>
      <author><![CDATA[bajizs]]></author>
      <pubDate>Fri, 13 Feb 2026 22:45:48 +0000</pubDate>
    </item>
    <item>
      <category><![CDATA[Errors and Troubleshooting]]></category>
      <title><![CDATA[Race Condition? - Item Oversold]]></title>
      <link>https://www.litecart.net/en/forums/15/errors-and-troubleshooting/24553/race-condition-item-oversold</link>
      <description></description>
      <author><![CDATA[skoruppa]]></author>
      <pubDate>Fri, 13 Feb 2026 00:01:10 +0000</pubDate>
    </item>
    <item>
      <category><![CDATA[Add-ons]]></category>
      <title><![CDATA[Nothing in admin panel]]></title>
      <link>https://www.litecart.net/en/forums/7/add-ons/24558/nothing-in-admin-panel</link>
      <description></description>
      <author><![CDATA[seashells]]></author>
      <pubDate>Thu, 12 Feb 2026 22:30:46 +0000</pubDate>
    </item>
    <item>
      <category><![CDATA[Add-ons]]></category>
      <title><![CDATA[Bug with the keywords displayed at the bottom of News Articles]]></title>
      <link>https://www.litecart.net/en/forums/7/add-ons/24542/bug-with-the-keywords-displayed-at-the-bottom-of-news-articles</link>
      <description></description>
      <author><![CDATA[label]]></author>
      <pubDate>Tue, 10 Feb 2026 00:59:05 +0000</pubDate>
    </item>
    <item>
      <category><![CDATA[Add-ons]]></category>
      <title><![CDATA[Disable the pop up lightbox]]></title>
      <link>https://www.litecart.net/en/forums/7/add-ons/24554/disable-the-pop-up-lightbox</link>
      <description></description>
      <author><![CDATA[seashells]]></author>
      <pubDate>Tue, 10 Feb 2026 00:01:33 +0000</pubDate>
    </item>
    <item>
      <category><![CDATA[General Discussions]]></category>
      <title><![CDATA[Product Image Gallery - No Prev or Next Arrows]]></title>
      <link>https://www.litecart.net/en/forums/2/general-discussions/24548/product-image-gallery-no-prev-or-next-arrows</link>
      <description></description>
      <author><![CDATA[seashells]]></author>
      <pubDate>Mon, 09 Feb 2026 22:24:49 +0000</pubDate>
    </item>
    <item>
      <category><![CDATA[General Discussions]]></category>
      <title><![CDATA[How to add an additional price to an item subtotal?]]></title>
      <link>https://www.litecart.net/en/forums/2/general-discussions/24533/how-to-add-an-additional-price-to-an-item-subtotal</link>
      <description></description>
      <author><![CDATA[koodalberto]]></author>
      <pubDate>Mon, 09 Feb 2026 21:19:14 +0000</pubDate>
    </item>
    <item>
      <category><![CDATA[Errors and Troubleshooting]]></category>
      <title><![CDATA[Problem with setting up clients Yahoo email address.]]></title>
      <link>https://www.litecart.net/en/forums/15/errors-and-troubleshooting/24509/problem-with-setting-up-clients-yahoo-email-address</link>
      <description></description>
      <author><![CDATA[davesmith]]></author>
      <pubDate>Wed, 04 Feb 2026 11:00:24 +0000</pubDate>
    </item>
    <item>
      <category><![CDATA[Installation and Configuration]]></category>
      <title><![CDATA[Missing social icons in a new site]]></title>
      <link>https://www.litecart.net/en/forums/3/installation-and-configuration/24524/missing-social-icons-in-a-new-site</link>
      <description></description>
      <author><![CDATA[jatekabc]]></author>
      <pubDate>Tue, 03 Feb 2026 17:20:10 +0000</pubDate>
    </item>
    <item>
      <category><![CDATA[Errors and Troubleshooting]]></category>
      <title><![CDATA[My login for Admin doesn't work anymore]]></title>
      <link>https://www.litecart.net/en/forums/15/errors-and-troubleshooting/24534/my-login-for-admin-doesnt-work-anymore</link>
      <description></description>
      <author><![CDATA[thedirtmodeler]]></author>
      <pubDate>Sat, 31 Jan 2026 00:12:02 +0000</pubDate>
    </item>
  </channel>
</rss>
