Connecting to tcp://smtp.cralaps.it:587 ...
< 220 pepi1sm-sfepd06.ad.aruba.it Aruba SMTP ESMTP server ready
> EHLO cralaps.it
< 250-pepi1sm-sfepd06.ad.aruba.it hello [94.177.160.118], pleased to meet you
< 250-HELP
< 250-AUTH LOGIN PLAIN
< 250-SIZE 524288000
< 250-ENHANCEDSTATUSCODES
< 250-8BITMIME
< 250-STARTTLS
< 250 OK
> AUTH LOGIN
< 334 VXNlcm5hbWU6
> aW5mb0BjcmFsYXBzLml0
< 334 UGFzc3dvcmQ6
> THUxczQ0NzhAQDQ=
< 235 2.7.0 ... authentication succeeded
> MAIL FROM: <info@cralaps.it>
< 250 2.1.0 <info@cralaps.it> sender ok
> RCPT TO: <fab.pa@libero.it>
< 250 2.1.5 <fab.pa@libero.it> recipient ok
> DATA
< 354 OK
> Date: Sun, 01 Mar 2026 16:45:12 +0100
> From: Dispensa d'autore <info@cralaps.it>
> Sender: Dispensa d'autore <info@cralaps.it>
> Reply-To: Dispensa d'autore <info@cralaps.it>
> Return-Path: info@cralaps.it
> MIME-Version: 1.0
> X-Mailer: LiteCart/2.6.3
> X-Sender: Dispensa d'autore <info@cralaps.it>
> To: Fabrizio Papa <fab.pa@libero.it>
> Subject: Account Cliente Creato
> Content-Type: text/plain; charset=UTF-8
> Content-Transfer-Encoding: 8bit
> 
> Benvenuto Fabrizio Papa su Dispensa d'autore!
> 
> Il tuo account è stato creato. A questo punto è possibile effettuare acquisti nel nostro negozio online e tenere traccia della cronologia.
> 
> Loggati usando il tuo indirizzo email fab.pa@libero.it.
> 
> Dispensa d'autore
> 
> https://cralaps.it/it/
> .
< 250 2.0.0 wiymvm8YedarQwiynvYw9E mail accepted for delivery
> QUIT

